{"ip":"::1","level":"info","message":"Api call","method":"GET","timeStamp":"2024-12-02T13:34:12.314Z","timestamp":"2024-12-02T13:34:12.315Z","url":"/auth/google"}
{"ip":"::1","level":"info","message":"Api call","method":"GET","timeStamp":"2024-12-02T13:35:06.369Z","timestamp":"2024-12-02T13:35:06.369Z","url":"/auth/google"}
{"ip":"::1","level":"info","message":"Api call","method":"GET","timeStamp":"2024-12-02T13:35:17.068Z","timestamp":"2024-12-02T13:35:17.068Z","url":"/auth/google"}
{"ip":"::1","level":"info","message":"Api call","method":"GET","timeStamp":"2024-12-02T13:35:17.646Z","timestamp":"2024-12-02T13:35:17.646Z","url":"/auth/google/callback?code=4%2F0AeanS0a1Gby9KtEaBgSMynZ7Nw9frrMTXjYxjNoWjLSOHBY1hWHkq1BPxsqcyxa7_2KC7Q&scope=email+profile+https%3A%2F%2Fwww.googleapis.com%2Fauth%2Fuserinfo.profile+openid+https%3A%2F%2Fwww.googleapis.com%2Fauth%2Fuserinfo.email&authuser=0&prompt=none"}
{"ip":"::1","level":"info","message":"Api call","method":"GET","timeStamp":"2024-12-02T13:35:22.579Z","timestamp":"2024-12-02T13:35:22.579Z","url":"/favicon.ico"}
{"ip":"::1","level":"info","message":"Api call","method":"POST","timeStamp":"2024-12-02T13:35:42.664Z","timestamp":"2024-12-02T13:35:42.664Z","url":"/user/follow"}
{"ip":"::1","level":"info","message":"Api call","method":"POST","timeStamp":"2024-12-02T15:18:38.827Z","timestamp":"2024-12-02T15:18:38.828Z","url":"/idea/update/674b51db07e25c55c21d2a9c"}
{"ip":"::1","level":"info","message":"Api call","method":"GET","timeStamp":"2024-12-02T15:20:31.370Z","timestamp":"2024-12-02T15:20:31.371Z","url":"/user/fetch-user?userId=674b4d9e07e25c55c21d2a96"}
{"ip":"::1","level":"info","message":"Api call","method":"GET","timeStamp":"2024-12-02T15:21:14.635Z","timestamp":"2024-12-02T15:21:14.636Z","url":"/auth/google"}
{"ip":"::1","level":"info","message":"Api call","method":"GET","timeStamp":"2024-12-02T15:21:14.924Z","timestamp":"2024-12-02T15:21:14.924Z","url":"/auth/google/callback?code=4%2F0AeanS0ZscMD4Os0Nq9eUYvmI6SeOzHehCZK1DIZT4w5f0f0ZhGIVK99t_0AUIpNvnkXWhg&scope=email+profile+https%3A%2F%2Fwww.googleapis.com%2Fauth%2Fuserinfo.email+https%3A%2F%2Fwww.googleapis.com%2Fauth%2Fuserinfo.profile+openid&authuser=0&prompt=none"}
{"ip":"::1","level":"info","message":"Api call","method":"POST","timeStamp":"2024-12-02T15:21:38.353Z","timestamp":"2024-12-02T15:21:38.353Z","url":"/idea/update/674b51db07e25c55c21d2a9c"}
{"ip":"::1","level":"info","message":"Api call","method":"POST","timeStamp":"2024-12-02T15:24:30.646Z","timestamp":"2024-12-02T15:24:30.646Z","url":"/idea/update/674b51db07e25c55c21d2a9c"}
{"ip":"::1","level":"info","message":"Api call","method":"POST","timeStamp":"2024-12-02T15:26:04.832Z","timestamp":"2024-12-02T15:26:04.832Z","url":"/idea/update/674b51db07e25c55c21d2a9c"}
{"ip":"::1","level":"info","message":"Api call","method":"POST","timeStamp":"2024-12-02T15:26:40.841Z","timestamp":"2024-12-02T15:26:40.841Z","url":"/idea/update/674b51db07e25c55c21d2a9c"}
{"ip":"::1","level":"info","message":"Api call","method":"POST","timeStamp":"2024-12-02T15:27:03.133Z","timestamp":"2024-12-02T15:27:03.134Z","url":"/idea/update/674b51db07e25c55c21d2a9c"}
{"ip":"::1","level":"info","message":"Api call","method":"POST","timeStamp":"2024-12-02T15:27:56.254Z","timestamp":"2024-12-02T15:27:56.254Z","url":"/idea/update/674b51db07e25c55c21d2a9c"}
{"ip":"::1","level":"info","message":"Api call","method":"GET","timeStamp":"2024-12-02T15:28:30.774Z","timestamp":"2024-12-02T15:28:30.774Z","url":"/user/fetch-user?userId=674b4d9e07e25c55c21d2a96"}
{"ip":"::1","level":"info","message":"Api call","method":"GET","timeStamp":"2024-12-02T15:32:11.705Z","timestamp":"2024-12-02T15:32:11.706Z","url":"/user/fetch-user?userId=674b500507e25c55c21d2a99"}
{"ip":"::1","level":"info","message":"Api call","method":"GET","timeStamp":"2024-12-02T17:10:57.739Z","timestamp":"2024-12-02T17:10:57.740Z","url":"/auth/google"}
{"ip":"::1","level":"info","message":"Api call","method":"POST","timeStamp":"2024-12-02T17:10:59.693Z","timestamp":"2024-12-02T17:10:59.693Z","url":"/user/follow"}
{"ip":"::1","level":"info","message":"Api call","method":"POST","timeStamp":"2024-12-02T17:10:59.787Z","timestamp":"2024-12-02T17:10:59.787Z","url":"/user/unfollow"}
{"ip":"::1","level":"info","message":"Api call","method":"GET","timeStamp":"2024-12-02T17:10:59.849Z","timestamp":"2024-12-02T17:10:59.849Z","url":"/user/fetch-user?userId=674b500507e25c55c21d2a99"}
{"ip":"::1","level":"info","message":"Api call","method":"POST","timeStamp":"2024-12-02T17:10:59.911Z","timestamp":"2024-12-02T17:10:59.911Z","url":"/user/update"}
{"ip":"::1","level":"info","message":"Api call","method":"GET","timeStamp":"2024-12-02T17:10:59.975Z","timestamp":"2024-12-02T17:10:59.975Z","url":"/user/search?searchString=abc"}
{"ip":"::1","level":"info","message":"Api call","method":"GET","timeStamp":"2024-12-02T17:31:23.007Z","timestamp":"2024-12-02T17:31:23.007Z","url":"/auth/google"}
{"ip":"::1","level":"info","message":"Api call","method":"GET","timeStamp":"2024-12-02T17:31:23.531Z","timestamp":"2024-12-02T17:31:23.531Z","url":"/auth/google/callback?code=4%2F0AeanS0bBL15APa6StlO4dWPCpjdYb2h9ad1BEdLLyCuvcSBlOw-oTKPz280Uww1Yn9Fc-w&scope=email+profile+https%3A%2F%2Fwww.googleapis.com%2Fauth%2Fuserinfo.email+https%3A%2F%2Fwww.googleapis.com%2Fauth%2Fuserinfo.profile+openid&authuser=0&prompt=none"}
{"ip":"::1","level":"info","message":"Api call","method":"GET","timeStamp":"2024-12-02T17:31:24.443Z","timestamp":"2024-12-02T17:31:24.443Z","url":"/favicon.ico"}
{"ip":"::1","level":"info","message":"Api call","method":"POST","timeStamp":"2024-12-02T17:35:33.621Z","timestamp":"2024-12-02T17:35:33.621Z","url":"/user/follow"}
{"ip":"::1","level":"info","message":"Api call","method":"POST","timeStamp":"2024-12-02T17:35:33.698Z","timestamp":"2024-12-02T17:35:33.698Z","url":"/user/unfollow"}
{"ip":"::1","level":"info","message":"Api call","method":"GET","timeStamp":"2024-12-02T17:35:33.759Z","timestamp":"2024-12-02T17:35:33.759Z","url":"/user/fetch-user?userId=674b500507e25c55c21d2a99"}
{"ip":"::1","level":"info","message":"Api call","method":"POST","timeStamp":"2024-12-02T17:35:33.839Z","timestamp":"2024-12-02T17:35:33.839Z","url":"/user/update"}
{"ip":"::1","level":"info","message":"Api call","method":"GET","timeStamp":"2024-12-02T17:35:33.900Z","timestamp":"2024-12-02T17:35:33.900Z","url":"/user/search?searchString=abc"}
{"ip":"::1","level":"info","message":"Api call","method":"DELETE","timeStamp":"2024-12-02T17:35:33.932Z","timestamp":"2024-12-02T17:35:33.932Z","url":"/user/delete"}
{"ip":"::1","level":"info","message":"Api call","method":"GET","timeStamp":"2024-12-02T17:35:33.979Z","timestamp":"2024-12-02T17:35:33.979Z","url":"/user/feed"}
{"ip":"::1","level":"info","message":"Api call","method":"POST","timeStamp":"2024-12-02T17:35:34.087Z","timestamp":"2024-12-02T17:35:34.087Z","url":"/idea/create"}
{"ip":"::1","level":"info","message":"Api call","method":"DELETE","timeStamp":"2024-12-02T17:35:34.226Z","timestamp":"2024-12-02T17:35:34.226Z","url":"/idea/delete"}
{"ip":"::1","level":"info","message":"Api call","method":"GET","timeStamp":"2024-12-02T17:35:34.288Z","timestamp":"2024-12-02T17:35:34.288Z","url":"/idea/search?searchString=hard"}
{"ip":"::1","level":"info","message":"Api call","method":"POST","timeStamp":"2024-12-02T17:35:34.366Z","timestamp":"2024-12-02T17:35:34.366Z","url":"/idea/upvote"}
{"ip":"::1","level":"info","message":"Api call","method":"POST","timeStamp":"2024-12-02T17:35:34.427Z","timestamp":"2024-12-02T17:35:34.427Z","url":"/idea/downvote"}
{"ip":"::1","level":"info","message":"Api call","method":"POST","timeStamp":"2024-12-02T17:35:34.502Z","timestamp":"2024-12-02T17:35:34.502Z","url":"/idea/update/674b51db07e25c55c21d2a9c"}
{"ip":"::1","level":"info","message":"Api call","method":"GET","timeStamp":"2024-12-02T17:37:13.085Z","timestamp":"2024-12-02T17:37:13.085Z","url":"/auth/google"}
{"ip":"::1","level":"info","message":"Api call","method":"POST","timeStamp":"2024-12-02T17:37:14.157Z","timestamp":"2024-12-02T17:37:14.157Z","url":"/user/follow"}
{"ip":"::1","level":"info","message":"Api call","method":"POST","timeStamp":"2024-12-02T17:37:14.184Z","timestamp":"2024-12-02T17:37:14.185Z","url":"/user/unfollow"}
{"ip":"::1","level":"info","message":"Api call","method":"GET","timeStamp":"2024-12-02T17:37:14.206Z","timestamp":"2024-12-02T17:37:14.206Z","url":"/user/fetch-user?userId=674b500507e25c55c21d2a99"}
{"ip":"::1","level":"info","message":"Api call","method":"POST","timeStamp":"2024-12-02T17:37:14.235Z","timestamp":"2024-12-02T17:37:14.235Z","url":"/user/update"}
{"ip":"::1","level":"info","message":"Api call","method":"GET","timeStamp":"2024-12-02T17:37:14.253Z","timestamp":"2024-12-02T17:37:14.253Z","url":"/user/search?searchString=abc"}
{"ip":"::1","level":"info","message":"Api call","method":"DELETE","timeStamp":"2024-12-02T17:37:14.351Z","timestamp":"2024-12-02T17:37:14.351Z","url":"/user/delete"}
{"ip":"::1","level":"info","message":"Api call","method":"GET","timeStamp":"2024-12-02T17:37:14.399Z","timestamp":"2024-12-02T17:37:14.399Z","url":"/user/feed"}
{"ip":"::1","level":"info","message":"Api call","method":"POST","timeStamp":"2024-12-02T17:37:14.464Z","timestamp":"2024-12-02T17:37:14.464Z","url":"/idea/create"}
{"ip":"::1","level":"info","message":"Api call","method":"DELETE","timeStamp":"2024-12-02T17:37:14.527Z","timestamp":"2024-12-02T17:37:14.527Z","url":"/idea/delete"}
{"ip":"::1","level":"info","message":"Api call","method":"GET","timeStamp":"2024-12-02T17:37:14.588Z","timestamp":"2024-12-02T17:37:14.588Z","url":"/idea/search?searchString=hard"}
{"ip":"::1","level":"info","message":"Api call","method":"POST","timeStamp":"2024-12-02T17:37:14.611Z","timestamp":"2024-12-02T17:37:14.611Z","url":"/idea/upvote"}
{"ip":"::1","level":"info","message":"Api call","method":"POST","timeStamp":"2024-12-02T17:37:14.666Z","timestamp":"2024-12-02T17:37:14.666Z","url":"/idea/downvote"}
{"ip":"::1","level":"info","message":"Api call","method":"POST","timeStamp":"2024-12-02T17:37:14.711Z","timestamp":"2024-12-02T17:37:14.711Z","url":"/idea/update/674b51db07e25c55c21d2a9c"}
